TN:
SF:src\rickandmorty\rickandmorty.service.ts
FN:24,(anonymous_2)
FN:26,(anonymous_3)
FN:27,(anonymous_4)
FN:29,(anonymous_5)
FN:30,(anonymous_6)
FN:59,(anonymous_7)
FN:63,(anonymous_8)
FN:69,(anonymous_9)
FN:71,(anonymous_10)
FN:89,(anonymous_11)
FN:93,(anonymous_12)
FN:96,(anonymous_13)
FN:110,(anonymous_14)
FN:116,(anonymous_15)
FN:123,(anonymous_16)
FNF:15
FNH:9
FNDA:4,(anonymous_2)
FNDA:1,(anonymous_3)
FNDA:1,(anonymous_4)
FNDA:1,(anonymous_5)
FNDA:1,(anonymous_6)
FNDA:3,(anonymous_7)
FNDA:3,(anonymous_8)
FNDA:1,(anonymous_9)
FNDA:1,(anonymous_10)
FNDA:0,(anonymous_11)
FNDA:0,(anonymous_12)
FNDA:0,(anonymous_13)
FNDA:0,(anonymous_14)
FNDA:0,(anonymous_15)
FNDA:0,(anonymous_16)
DA:4,1
DA:10,1
DA:11,1
DA:16,1
DA:17,1
DA:20,1
DA:21,4
DA:22,4
DA:24,4
DA:26,4
DA:27,1
DA:29,4
DA:30,1
DA:31,1
DA:32,1
DA:33,1
DA:34,1
DA:35,1
DA:36,1
DA:37,1
DA:38,1
DA:39,1
DA:43,0
DA:44,0
DA:45,0
DA:47,0
DA:49,0
DA:50,0
DA:51,0
DA:52,0
DA:53,0
DA:54,0
DA:55,0
DA:60,3
DA:61,3
DA:63,3
DA:64,3
DA:65,2
DA:69,1
DA:70,1
DA:71,1
DA:72,1
DA:73,0
DA:74,0
DA:75,0
DA:77,0
DA:81,1
DA:82,1
DA:83,1
DA:86,0
DA:90,0
DA:93,0
DA:94,0
DA:96,0
DA:97,0
DA:98,0
DA:99,0
DA:100,0
DA:105,0
DA:107,0
DA:111,0
DA:112,0
DA:117,0
DA:118,0
DA:123,0
DA:124,0
DA:125,0
DA:128,0
LF:68
LH:34
BRDA:64,0,0,2
BRDA:64,1,0,3
BRDA:64,1,1,2
BRDA:74,2,0,0
BRDA:99,3,0,0
BRF:5
BRH:3
end_of_record
TN:
SF:src\rickandmorty\dto\read-rickandmorty.dto.ts
FNF:0
FNH:0
DA:2,1
DA:27,1
DA:30,1
LF:3
LH:3
BRF:0
BRH:0
end_of_record
