TN:
SF:src\rickandmorty\rickandmorty.service.ts
FN:24,(anonymous_2)
FN:26,(anonymous_3)
FN:27,(anonymous_4)
FN:29,(anonymous_5)
FN:30,(anonymous_6)
FN:59,(anonymous_7)
FN:63,(anonymous_8)
FN:70,(anonymous_9)
FN:72,(anonymous_10)
FN:90,(anonymous_11)
FN:94,(anonymous_12)
FN:97,(anonymous_13)
FN:111,(anonymous_14)
FN:114,(anonymous_15)
FN:115,(anonymous_16)
FN:122,(anonymous_17)
FNF:16
FNH:13
FNDA:6,(anonymous_2)
FNDA:5,(anonymous_3)
FNDA:5,(anonymous_4)
FNDA:5,(anonymous_5)
FNDA:5,(anonymous_6)
FNDA:4,(anonymous_7)
FNDA:5,(anonymous_8)
FNDA:5,(anonymous_9)
FNDA:5,(anonymous_10)
FNDA:0,(anonymous_11)
FNDA:0,(anonymous_12)
FNDA:0,(anonymous_13)
FNDA:1,(anonymous_14)
FNDA:1,(anonymous_15)
FNDA:1,(anonymous_16)
FNDA:20,(anonymous_17)
DA:4,1
DA:10,1
DA:11,1
DA:20,1
DA:21,6
DA:22,6
DA:24,6
DA:26,6
DA:27,5
DA:29,6
DA:30,5
DA:31,5
DA:32,5
DA:33,5
DA:34,5
DA:35,5
DA:36,5
DA:37,5
DA:38,5
DA:39,5
DA:43,5
DA:44,5
DA:45,5
DA:47,0
DA:49,5
DA:50,5
DA:51,5
DA:52,5
DA:53,5
DA:54,5
DA:55,5
DA:60,4
DA:61,4
DA:63,4
DA:64,5
DA:65,5
DA:66,0
DA:70,1
DA:71,5
DA:72,5
DA:73,5
DA:74,5
DA:75,5
DA:76,5
DA:78,5
DA:82,1
DA:83,5
DA:84,5
DA:87,1
DA:91,0
DA:94,0
DA:95,0
DA:97,0
DA:98,0
DA:99,0
DA:100,0
DA:101,0
DA:106,0
DA:108,0
DA:112,1
DA:114,1
DA:115,1
DA:116,1
DA:117,1
DA:122,1
DA:123,20
DA:124,20
DA:126,1
DA:128,0
DA:129,0
DA:134,1
DA:136,1
LF:72
LH:58
BRDA:65,0,0,0
BRDA:65,1,0,5
BRDA:65,1,1,5
BRDA:75,2,0,5
BRDA:100,3,0,0
BRF:5
BRH:3
end_of_record
TN:
SF:src\rickandmorty\dto\read-rickandmorty.dto.ts
FNF:0
FNH:0
DA:2,1
DA:27,1
DA:30,1
LF:3
LH:3
BRF:0
BRH:0
end_of_record
